<?xml version="1.0" encoding="UTF-8"?>
<!-- Generated by org.testng.reporters.JUnitReportReporter -->
<testsuite hostname="DESKTOP-2F5RMM2" failures="0" tests="1" name="com.testng.LogTest" time="3.397" errors="0" timestamp="08 Feb 2024 06:49:15 GMT" skipped="0">
  <testcase classname="com.testng.LogTest" name="login" time="3.397"/>
</testsuite> <!-- com.testng.LogTest -->
