<?xml version="1.0" encoding="UTF-8"?>
<!-- Generated by org.testng.reporters.JUnitReportReporter -->
<testsuite hostname="DESKTOP-2F5RMM2" failures="0" tests="1" name="com.testng.LogTest" time="0.002" errors="0" timestamp="02 Feb 2024 09:16:32 GMT" skipped="0">
  <testcase classname="com.testng.LogTest" name="login" time="0.002"/>
</testsuite> <!-- com.testng.LogTest -->
